<?xml version="1.0" encoding="UTF-8"?>
<coverage generated="1633005756512" clover="3.2.0">
  <project timestamp="1633005756512" name="All files">
    <metrics statements="9" coveredstatements="2" conditionals="2" coveredconditionals="0" methods="4" coveredmethods="1" elements="15" coveredelements="3" complexity="0" loc="9" ncloc="9" packages="1" files="1" classes="1"/>
    <file name="crud.js" path="C:\Users\lenovo\Desktop\my-todo-list-review\src\crud.js">
      <metrics statements="9" coveredstatements="2" conditionals="2" coveredconditionals="0" methods="4" coveredmethods="1"/>
      <line num="2" count="2" type="stmt"/>
      <line num="3" count="2" type="stmt"/>
      <line num="7" count="0" type="stmt"/>
      <line num="8" count="0" type="stmt"/>
      <line num="9" count="0" type="stmt"/>
      <line num="10" count="0" type="cond" truecount="0" falsecount="2"/>
      <line num="11" count="0" type="stmt"/>
      <line num="17" count="0" type="stmt"/>
      <line num="18" count="0" type="stmt"/>
    </file>
  </project>
</coverage>
